Loading plugins phase: Elapsed time ==> 0s.236ms
Initializing data phase: Elapsed time ==> 0s.000ms
<CYPRESSTAG name="CyDsfit arguments...">
cydsfit arguments: -.fdsnotice -.fdswarpdepfile=warp_dependencies.txt -.fdselabdepfile=elab_dependencies.txt -.fdsbldfile=generated_files.txt -p C:\Users\colin\OneDrive\Documents\teaching\github\eced3901\2015\comp_details\coin_sensor_board\psoc_coinsensor\psoc_coinsensor.cydsn\psoc_coinsensor.cyprj -d CY8C4125AXI-483 -s C:\Users\colin\OneDrive\Documents\teaching\github\eced3901\2015\comp_details\coin_sensor_board\psoc_coinsensor\psoc_coinsensor.cydsn\Generated_Source\PSoC4 -- -yv2 -q10 -ygs -o2 -v3 -.fftcfgtype=LE</CYPRESSTAG>
<CYPRESSTAG name="Design elaboration results...">
</CYPRESSTAG>
Elaboration phase: Elapsed time ==> 1s.950ms
<CYPRESSTAG name="HDL generation results...">
</CYPRESSTAG>
HDL generation phase: Elapsed time ==> 0s.052ms
<CYPRESSTAG name="Synthesis results...">

     | | | | | | |
   _________________
  -|               |-
  -|               |-
  -|               |-
  -|    CYPRESS    |-
  -|               |-
  -|               |-   Warp Verilog Synthesis Compiler: Version 6.3 IR 41
  -|               |-   Copyright (C) 1991-2001 Cypress Semiconductor
   |_______________|
     | | | | | | |

======================================================================
Compiling:  psoc_coinsensor.v
Program  :   C:\Program Files (x86)\Cypress\PSoC Creator\3.1\PSoC Creator\warp\bin/warp.exe
Options  :    -yv2 -q10 -ygs -o2 -v3 -.fftcfgtype=LE -ya -.fftprj=C:\Users\colin\OneDrive\Documents\teaching\github\eced3901\2015\comp_details\coin_sensor_board\psoc_coinsensor\psoc_coinsensor.cydsn\psoc_coinsensor.cyprj -dcpsoc3 psoc_coinsensor.v -verilog
======================================================================

======================================================================
Compiling:  psoc_coinsensor.v
Program  :   C:\Program Files (x86)\Cypress\PSoC Creator\3.1\PSoC Creator\warp\bin/warp.exe
Options  :    -yv2 -q10 -ygs -o2 -v3 -.fftcfgtype=LE -ya -.fftprj=C:\Users\colin\OneDrive\Documents\teaching\github\eced3901\2015\comp_details\coin_sensor_board\psoc_coinsensor\psoc_coinsensor.cydsn\psoc_coinsensor.cyprj -dcpsoc3 psoc_coinsensor.v -verilog
======================================================================

======================================================================
Compiling:  psoc_coinsensor.v
Program  :   vlogfe
Options  :    -yv2 -q10 -ygs -o2 -v3 -.fftcfgtype=LE -ya -.fftprj=C:\Users\colin\OneDrive\Documents\teaching\github\eced3901\2015\comp_details\coin_sensor_board\psoc_coinsensor\psoc_coinsensor.cydsn\psoc_coinsensor.cyprj -dcpsoc3 -verilog psoc_coinsensor.v
======================================================================

vlogfe V6.3 IR 41:  Verilog parser
Thu May 14 13:14:44 2015


======================================================================
Compiling:  psoc_coinsensor.v
Program  :   vpp
Options  :    -yv2 -q10 psoc_coinsensor.v
======================================================================

vpp V6.3 IR 41:  Verilog Pre-Processor
Thu May 14 13:14:44 2015

Flattening file 'C:\Program Files (x86)\Cypress\PSoC Creator\3.1\PSoC Creator\warp\..\psoc\content\cyprimitives\CyPrimitives.cylib\OneTerminal\OneTerminal.v'
Flattening file 'C:\Program Files (x86)\Cypress\PSoC Creator\3.1\PSoC Creator\warp\..\psoc\content\cyprimitives\CyPrimitives.cylib\ZeroTerminal\ZeroTerminal.v'
Flattening file 'C:\Program Files (x86)\Cypress\PSoC Creator\3.1\PSoC Creator\warp\..\psoc\content\cyprimitives\CyPrimitives.cylib\or_v1_0\or_v1_0.v'

vpp:  No errors.

Library 'work' => directory 'lcpsoc3'
General_symbol_table
General_symbol_table
Linking 'C:\Program Files (x86)\Cypress\PSoC Creator\3.1\PSoC Creator\warp\lib\common\std.vhd'.
Linking 'C:\Program Files (x86)\Cypress\PSoC Creator\3.1\PSoC Creator\warp\lib\common\cypress.vhd'.
Linking 'C:\Program Files (x86)\Cypress\PSoC Creator\3.1\PSoC Creator\warp\lib\common\work\cypress.vif'.
Linking 'C:\Program Files (x86)\Cypress\PSoC Creator\3.1\PSoC Creator\warp\lib\ieee\work\stdlogic.vif'.
Linking 'C:\Program Files (x86)\Cypress\PSoC Creator\3.1\PSoC Creator\warp\lib\common\stdlogic\lpmpkg.vif'.
Linking 'C:\Program Files (x86)\Cypress\PSoC Creator\3.1\PSoC Creator\warp\lib\common\stdlogic\rtlpkg.vif'.
Linking 'C:\Program Files (x86)\Cypress\PSoC Creator\3.1\PSoC Creator\warp\lib\common\stdlogic\mod_cnst.vif'.
Linking 'C:\Program Files (x86)\Cypress\PSoC Creator\3.1\PSoC Creator\warp\lib\common\stdlogic\mod_mthv.vif'.
Linking 'C:\Program Files (x86)\Cypress\PSoC Creator\3.1\PSoC Creator\warp\lib\common\stdlogic\mod_genv.vif'.
Using control file 'psoc_coinsensor.ctl'.

vlogfe:  No errors.


======================================================================
Compiling:  psoc_coinsensor.v
Program  :   tovif
Options  :    -yv2 -q10 -ygs -o2 -v3 -.fftcfgtype=LE -ya -.fftprj=C:\Users\colin\OneDrive\Documents\teaching\github\eced3901\2015\comp_details\coin_sensor_board\psoc_coinsensor\psoc_coinsensor.cydsn\psoc_coinsensor.cyprj -dcpsoc3 -verilog psoc_coinsensor.v
======================================================================

tovif V6.3 IR 41:  High-level synthesis
Thu May 14 13:14:44 2015

Linking 'C:\Program Files (x86)\Cypress\PSoC Creator\3.1\PSoC Creator\warp\lib\common\std.vhd'.
Linking 'C:\Program Files (x86)\Cypress\PSoC Creator\3.1\PSoC Creator\warp\lib\common\cypress.vhd'.
Linking 'C:\Program Files (x86)\Cypress\PSoC Creator\3.1\PSoC Creator\warp\lib\common\work\cypress.vif'.
Linking 'C:\Program Files (x86)\Cypress\PSoC Creator\3.1\PSoC Creator\warp\lib\ieee\work\stdlogic.vif'.
Linking 'C:\Program Files (x86)\Cypress\PSoC Creator\3.1\PSoC Creator\warp\lib\common\stdlogic\lpmpkg.vif'.
Linking 'C:\Program Files (x86)\Cypress\PSoC Creator\3.1\PSoC Creator\warp\lib\common\stdlogic\rtlpkg.vif'.
Linking 'C:\Program Files (x86)\Cypress\PSoC Creator\3.1\PSoC Creator\warp\lib\common\stdlogic\mod_cnst.vif'.
Linking 'C:\Program Files (x86)\Cypress\PSoC Creator\3.1\PSoC Creator\warp\lib\common\stdlogic\mod_mthv.vif'.
Linking 'C:\Program Files (x86)\Cypress\PSoC Creator\3.1\PSoC Creator\warp\lib\common\stdlogic\mod_genv.vif'.
Linking 'C:\Users\colin\OneDrive\Documents\teaching\github\eced3901\2015\comp_details\coin_sensor_board\psoc_coinsensor\psoc_coinsensor.cydsn\codegentemp\psoc_coinsensor.ctl'.
Linking 'C:\Program Files (x86)\Cypress\PSoC Creator\3.1\PSoC Creator\psoc\content\cyprimitives\CyPrimitives.cylib\OneTerminal\OneTerminal.v'.
Linking 'C:\Users\colin\OneDrive\Documents\teaching\github\eced3901\2015\comp_details\coin_sensor_board\psoc_coinsensor\psoc_coinsensor.cydsn\codegentemp\psoc_coinsensor.v'.
Linking 'C:\Program Files (x86)\Cypress\PSoC Creator\3.1\PSoC Creator\psoc\content\cyprimitives\CyPrimitives.cylib\ZeroTerminal\ZeroTerminal.v'.
Linking 'C:\Program Files (x86)\Cypress\PSoC Creator\3.1\PSoC Creator\psoc\content\cyprimitives\CyPrimitives.cylib\or_v1_0\or_v1_0.v'.

tovif:  No errors.


======================================================================
Compiling:  psoc_coinsensor.v
Program  :   topld
Options  :    -yv2 -q10 -ygs -o2 -v3 -.fftcfgtype=LE -ya -.fftprj=C:\Users\colin\OneDrive\Documents\teaching\github\eced3901\2015\comp_details\coin_sensor_board\psoc_coinsensor\psoc_coinsensor.cydsn\psoc_coinsensor.cyprj -dcpsoc3 -verilog psoc_coinsensor.v
======================================================================

topld V6.3 IR 41:  Synthesis and optimization
Thu May 14 13:14:44 2015

Linking 'C:\Program Files (x86)\Cypress\PSoC Creator\3.1\PSoC Creator\warp\lib\common\std.vhd'.
Linking 'C:\Program Files (x86)\Cypress\PSoC Creator\3.1\PSoC Creator\warp\lib\common\cypress.vhd'.
Linking 'C:\Program Files (x86)\Cypress\PSoC Creator\3.1\PSoC Creator\warp\lib\common\work\cypress.vif'.
Linking 'C:\Program Files (x86)\Cypress\PSoC Creator\3.1\PSoC Creator\warp\lib\ieee\work\stdlogic.vif'.
Linking 'C:\Program Files (x86)\Cypress\PSoC Creator\3.1\PSoC Creator\warp\lib\common\stdlogic\lpmpkg.vif'.
Linking 'C:\Program Files (x86)\Cypress\PSoC Creator\3.1\PSoC Creator\warp\lib\common\stdlogic\rtlpkg.vif'.
Linking 'C:\Program Files (x86)\Cypress\PSoC Creator\3.1\PSoC Creator\warp\lib\common\stdlogic\mod_cnst.vif'.
Linking 'C:\Program Files (x86)\Cypress\PSoC Creator\3.1\PSoC Creator\warp\lib\common\stdlogic\mod_mthv.vif'.
Linking 'C:\Program Files (x86)\Cypress\PSoC Creator\3.1\PSoC Creator\warp\lib\common\stdlogic\mod_genv.vif'.
Linking 'C:\Users\colin\OneDrive\Documents\teaching\github\eced3901\2015\comp_details\coin_sensor_board\psoc_coinsensor\psoc_coinsensor.cydsn\codegentemp\psoc_coinsensor.ctl'.
Linking 'C:\Program Files (x86)\Cypress\PSoC Creator\3.1\PSoC Creator\psoc\content\cyprimitives\CyPrimitives.cylib\OneTerminal\OneTerminal.v'.
Linking 'C:\Users\colin\OneDrive\Documents\teaching\github\eced3901\2015\comp_details\coin_sensor_board\psoc_coinsensor\psoc_coinsensor.cydsn\codegentemp\psoc_coinsensor.v'.
Linking 'C:\Program Files (x86)\Cypress\PSoC Creator\3.1\PSoC Creator\psoc\content\cyprimitives\CyPrimitives.cylib\ZeroTerminal\ZeroTerminal.v'.
Linking 'C:\Program Files (x86)\Cypress\PSoC Creator\3.1\PSoC Creator\psoc\content\cyprimitives\CyPrimitives.cylib\or_v1_0\or_v1_0.v'.
Linking 'C:\Program Files (x86)\Cypress\PSoC Creator\3.1\PSoC Creator\warp\lib\lcpsoc3\stdlogic\cpsoc3.vif'.

----------------------------------------------------------
Detecting unused logic.
----------------------------------------------------------
    User names
	\CapSense_1:Net_545\
	\CapSense_1:Net_544\


Deleted 2 User equations/components.
Deleted 0 Synthesized equations/components.

------------------------------------------------------
Alias Detection
------------------------------------------------------
Aliasing one to tmpOE__LED0_net_0
Aliasing tmpOE__LED1_net_0 to tmpOE__LED0_net_0
Aliasing \CapSense_1:Net_104\ to zero
Aliasing \CapSense_1:Net_312\ to zero
Aliasing \CapSense_1:tmpOE__Cmod_net_0\ to tmpOE__LED0_net_0
Aliasing \CapSense_1:IDAC2:Net_3\ to tmpOE__LED0_net_0
Aliasing \CapSense_1:tmpOE__Sns_net_0\ to tmpOE__LED0_net_0
Aliasing \CapSense_1:IDAC1:Net_3\ to tmpOE__LED0_net_0
Removing Lhs of wire one[6] = tmpOE__LED0_net_0[1]
Removing Lhs of wire tmpOE__LED1_net_0[9] = tmpOE__LED0_net_0[1]
Removing Lhs of wire \CapSense_1:Net_104\[22] = zero[2]
Removing Lhs of wire \CapSense_1:Net_312\[26] = zero[2]
Removing Lhs of wire \CapSense_1:tmpOE__Cmod_net_0\[29] = tmpOE__LED0_net_0[1]
Removing Lhs of wire \CapSense_1:IDAC2:Net_3\[36] = tmpOE__LED0_net_0[1]
Removing Lhs of wire \CapSense_1:tmpOE__Sns_net_0\[38] = tmpOE__LED0_net_0[1]
Removing Lhs of wire \CapSense_1:IDAC1:Net_3\[44] = tmpOE__LED0_net_0[1]

------------------------------------------------------
Aliased 0 equations, 8 wires.
------------------------------------------------------

----------------------------------------------------------
Circuit simplification
----------------------------------------------------------

Substituting virtuals - pass 1:


----------------------------------------------------------
Circuit simplification results:

	Expanded 0 signals.
	Turned 0 signals into soft nodes.
	Maximum default expansion cost was set at 3.
----------------------------------------------------------

topld:  No errors.

CYPRESS_DIR    : C:\Program Files (x86)\Cypress\PSoC Creator\3.1\PSoC Creator\warp
Warp Program   : C:\Program Files (x86)\Cypress\PSoC Creator\3.1\PSoC Creator\warp\bin/warp.exe
Warp Arguments : -yv2 -q10 -ygs -o2 -v3 -.fftcfgtype=LE -ya -.fftprj=C:\Users\colin\OneDrive\Documents\teaching\github\eced3901\2015\comp_details\coin_sensor_board\psoc_coinsensor\psoc_coinsensor.cydsn\psoc_coinsensor.cyprj -dcpsoc3 psoc_coinsensor.v -verilog
</CYPRESSTAG>
Warp synthesis phase: Elapsed time ==> 0s.501ms
<CYPRESSTAG name="Fitter results...">
<CYPRESSTAG name="Fitter startup details...">
cyp3fit: V3.1.0.1722, Family: PSoC3, Started at: Thursday, 14 May 2015 13:14:44
Options: -yv2 -q10 -ygs -o2 -v3 -.fftcfgtype=LE -ya -.fftprj=C:\Users\colin\OneDrive\Documents\teaching\github\eced3901\2015\comp_details\coin_sensor_board\psoc_coinsensor\psoc_coinsensor.cydsn\psoc_coinsensor.cyprj -d CY8C4125AXI-483 psoc_coinsensor.v -verilog
</CYPRESSTAG>
<CYPRESSTAG name="Design parsing">
Design parsing phase: Elapsed time ==> 0s.008ms
</CYPRESSTAG>
<CYPRESSTAG name="Tech mapping">
<CYPRESSTAG name="Initial Mapping" icon="FILE_RPT_TECHM">
<CYPRESSTAG name="Global Clock Selection" icon="FILE_RPT_TECHM">
    Fixed Function Clock 6: Automatic-assigning  clock 'CapSense_1_SampleClk'. Signal=\CapSense_1:Net_420_ff6\
    Fixed Function Clock 5: Automatic-assigning  clock 'CapSense_1_SenseClk'. Signal=\CapSense_1:Net_429_ff5\
<CYPRESSTAG name="UDB Clock/Enable Remapping Results">
</CYPRESSTAG>
</CYPRESSTAG>

Removing unused cells resulting from optimization
Done removing unused cells.
<CYPRESSTAG name="Duplicate Macrocell detection">
</CYPRESSTAG>
</CYPRESSTAG>
<CYPRESSTAG name="Duplicate Macrocell detection">
</CYPRESSTAG>
<CYPRESSTAG name="Design Equations" icon="FILE_RPT_EQUATION">

------------------------------------------------------------
Design Equations
------------------------------------------------------------
    <CYPRESSTAG name="Pin listing">

    ------------------------------------------------------------
    Pin listing
    ------------------------------------------------------------

    Pin : Name = LED0(0)
        Attributes:
            In Group/Port: True
            In Sync Option: AUTO
            Out Sync Option: NOSYNC
            Interrupt generated: False
            Interrupt mode: NONE
            Drive mode: CMOS_OUT
            VTrip: EITHER
            Slew: FAST
            Input Sync needed: False
            Output Sync needed: False
            SC shield enabled: False
            POR State: ANY
            LCD Mode: COMMON
            Register Mode: RegComb
            CaSense Mode: NEITHER
            Treat as pin: True
            Is OE Registered: False
            Uses Analog: False
            Can contain Digital: True
            Is SIO: False
            SIO Output Buf: NONREGULATED
            SIO Input Buf: SINGLE_ENDED
            SIO HiFreq: LOW
            SIO Hyst: DISABLED
            SIO Vtrip: MULTIPLIER_0_5
            SIO RefSel: VCC_IO
            Required Capabilitites: DIGITAL
            Initial Value: 0
            IO Voltage: 0
        PORT MAP (
            pa_out => LED0(0)__PA ,
            pad => LED0(0)_PAD );
        Properties:
        {
        }

    Pin : Name = LED1(0)
        Attributes:
            In Group/Port: True
            In Sync Option: AUTO
            Out Sync Option: NOSYNC
            Interrupt generated: False
            Interrupt mode: NONE
            Drive mode: CMOS_OUT
            VTrip: EITHER
            Slew: FAST
            Input Sync needed: False
            Output Sync needed: False
            SC shield enabled: False
            POR State: ANY
            LCD Mode: COMMON
            Register Mode: RegComb
            CaSense Mode: NEITHER
            Treat as pin: True
            Is OE Registered: False
            Uses Analog: False
            Can contain Digital: True
            Is SIO: False
            SIO Output Buf: NONREGULATED
            SIO Input Buf: SINGLE_ENDED
            SIO HiFreq: LOW
            SIO Hyst: DISABLED
            SIO Vtrip: MULTIPLIER_0_5
            SIO RefSel: VCC_IO
            Required Capabilitites: DIGITAL
            Initial Value: 0
            IO Voltage: 0
        PORT MAP (
            pa_out => LED1(0)__PA ,
            pad => LED1(0)_PAD );
        Properties:
        {
        }

    Pin : Name = \CapSense_1:Cmod(0)\
        Attributes:
            Alias: Cmod
            In Group/Port: True
            In Sync Option: AUTO
            Out Sync Option: AUTO
            Interrupt generated: False
            Interrupt mode: NONE
            Drive mode: HI_Z_ANALOG
            VTrip: EITHER
            Slew: FAST
            Input Sync needed: False
            Output Sync needed: False
            SC shield enabled: False
            POR State: ANY
            LCD Mode: COMMON
            Register Mode: RegComb
            CaSense Mode: NEITHER
            Treat as pin: True
            Is OE Registered: False
            Uses Analog: True
            Can contain Digital: False
            Is SIO: False
            SIO Output Buf: NONREGULATED
            SIO Input Buf: SINGLE_ENDED
            SIO HiFreq: LOW
            SIO Hyst: DISABLED
            SIO Vtrip: MULTIPLIER_0_5
            SIO RefSel: VCC_IO
            Required Capabilitites: ANALOG
            Initial Value: 1
            IO Voltage: 0
        PORT MAP (
            pa_out => \CapSense_1:Cmod(0)\__PA ,
            analog_term => \CapSense_1:Net_398\ ,
            pad => \CapSense_1:Cmod(0)_PAD\ );
        Properties:
        {
        }

    Pin : Name = \CapSense_1:Sns(0)\
        Attributes:
            Alias: ProximitySensor_0__PROX
            In Group/Port: True
            In Sync Option: AUTO
            Out Sync Option: AUTO
            Interrupt generated: False
            Interrupt mode: NONE
            Drive mode: HI_Z_ANALOG
            VTrip: EITHER
            Slew: FAST
            Input Sync needed: False
            Output Sync needed: False
            SC shield enabled: False
            POR State: ANY
            LCD Mode: COMMON
            Register Mode: RegComb
            CaSense Mode: NEITHER
            Treat as pin: True
            Is OE Registered: False
            Uses Analog: True
            Can contain Digital: False
            Is SIO: False
            SIO Output Buf: NONREGULATED
            SIO Input Buf: SINGLE_ENDED
            SIO HiFreq: LOW
            SIO Hyst: DISABLED
            SIO Vtrip: MULTIPLIER_0_5
            SIO RefSel: VCC_IO
            Required Capabilitites: ANALOG
            Initial Value: 1
            IO Voltage: 0
        PORT MAP (
            pa_out => \CapSense_1:Sns(0)\__PA ,
            analog_term => \CapSense_1:Net_245\ ,
            pad => \CapSense_1:Sns(0)_PAD\ );
        Properties:
        {
        }
    </CYPRESSTAG>
    <CYPRESSTAG name="Macrocell listing" icon="FILE_RPT_EQUATION">

    ------------------------------------------------------------
    Macrocell listing
    ------------------------------------------------------------

    MacroCell: Name=__ONE__, Mode=(Combinatorial)
        Total # of inputs        : 0
        Total # of product terms : 0
            Clock Enable: True
        Main Equation            : 0 pterms
        !(
            0
        );
        Output = __ONE__ (fanout=2)
    </CYPRESSTAG>
    <CYPRESSTAG name="Datapath listing">
    </CYPRESSTAG>
    <CYPRESSTAG name="Status register listing">
    </CYPRESSTAG>
    <CYPRESSTAG name="StatusI register listing">
    </CYPRESSTAG>
    <CYPRESSTAG name="Sync listing">
    </CYPRESSTAG>
    <CYPRESSTAG name="Control register listing">
    </CYPRESSTAG>
    <CYPRESSTAG name="Count7 listing">
    </CYPRESSTAG>
    <CYPRESSTAG name="DRQ listing">
    </CYPRESSTAG>
    <CYPRESSTAG name="Interrupt listing">

    ------------------------------------------------------------
    Interrupt listing
    ------------------------------------------------------------

    interrupt: Name =\CapSense_1:ISR\
        PORT MAP (
            interrupt => \CapSense_1:Net_248\ );
        Properties:
        {
            int_type = "10"
        }
    </CYPRESSTAG>
</CYPRESSTAG>
<CYPRESSTAG name="Technology mapping summary" expanded>

------------------------------------------------------------
Technology mapping summary
------------------------------------------------------------

Resource Type                 : Used : Free :  Max :  % Used
============================================================
Digital clock dividers        :    0 :    4 :    4 :   0.00%
Pins                          :    6 :   30 :   36 :  16.67%
Interrupts                    :    1 :   31 :   32 :   3.13%
Comparator/Opamp Fixed Blocks :    0 :    2 :    2 :   0.00%
SAR Fixed Blocks              :    0 :    1 :    1 :   0.00%
CSD Fixed Blocks              :    1 :    0 :    1 : 100.00%
CapSense Blocks               :    1 :    0 :    1 : 100.00%
8-bit CapSense IDACs          :    1 :    0 :    1 : 100.00%
7-bit CapSense IDACs          :    1 :    0 :    1 : 100.00%
Temperature Sensors           :    0 :    1 :    1 :   0.00%
Low Power Comparators         :    0 :    2 :    2 :   0.00%
TCPWM Blocks                  :    0 :    4 :    4 :   0.00%
Serial Communication Blocks   :    0 :    2 :    2 :   0.00%
Segment LCD Blocks            :    0 :    1 :    1 :   0.00%
</CYPRESSTAG>
Technology Mapping: Elapsed time ==> 0s.420ms
Tech mapping phase: Elapsed time ==> 0s.451ms
</CYPRESSTAG>
<CYPRESSTAG name="Analog Placement">
<CYPRESSTAG name="Analog Placement">
Elapsed time ==> 0.0112279s
</CYPRESSTAG>
Analog Placement phase: Elapsed time ==> 0s.034ms
</CYPRESSTAG>
<CYPRESSTAG name="Analog Routing">
<CYPRESSTAG name="Analog Routing">
Route success=True, Iterations=1 Elapsed=0.0051909 secs
</CYPRESSTAG>
Analog Routing phase: Elapsed time ==> 0s.011ms
</CYPRESSTAG>
<CYPRESSTAG name="Analog Code Generation">
============ Analog Final Answer Routes ============
Dump of CyAnalogRoutingResultsDB
Map of net to items {
  Net: \CapSense_1:Net_245\ {
    source
    swhv_3
    amuxbusa
    P2_P40
    p2_0
  }
  Net: \CapSense_1:Net_398\ {
    Net_2110
    swh_2
    p4_2
  }
}
Map of item to net {
  source                                           -> \CapSense_1:Net_245\
  swhv_3                                           -> \CapSense_1:Net_245\
  amuxbusa                                         -> \CapSense_1:Net_245\
  P2_P40                                           -> \CapSense_1:Net_245\
  p2_0                                             -> \CapSense_1:Net_245\
  Net_2110                                         -> \CapSense_1:Net_398\
  swh_2                                            -> \CapSense_1:Net_398\
  p4_2                                             -> \CapSense_1:Net_398\
}
Mux Info {
}
Analog Code Generation phase: Elapsed time ==> 0s.113ms
</CYPRESSTAG>
<CYPRESSTAG name="Digital Placement">
<CYPRESSTAG name="Detailed placement messages">
I2659: No Constrained paths were found. The placer will run in non-timing driven mode.
I2076: Total run-time: 0.3 sec.

</CYPRESSTAG>
<CYPRESSTAG name="PLD Packing">
<CYPRESSTAG name="PLD Packing Summary" expanded>

------------------------------------------------------------
PLD Packing Summary
------------------------------------------------------------
            Resource Type : Used : Free :  Max :  % Used
    ====================================================
                     PLDs :    1 :   -1 :    0 : Infinity%

<CYPRESSTAG name="PLD Statistics">

        PLD Resource Type :     Average/LAB
    =======================================
                   Inputs :            0.00
                   Pterms :            0.00
               Macrocells :            1.00
</CYPRESSTAG>
<CYPRESSTAG name="Packed PLD Contents">
Packed PLD Contents not displayed at this verbose level.</CYPRESSTAG>
</CYPRESSTAG>
PLD Packing: Elapsed time ==> 0s.001ms
</CYPRESSTAG>
<CYPRESSTAG name="Partitioning">
<CYPRESSTAG name="Initial Partitioning Summary">
Initial Partitioning Summary not displayed at this verbose level.</CYPRESSTAG>
<CYPRESSTAG name="Final Partitioning Summary">
Final Partitioning Summary not displayed at this verbose level.</CYPRESSTAG>
Partitioning: Elapsed time ==> 0s.012ms
</CYPRESSTAG>
<CYPRESSTAG name="Simulated Annealing">
Annealing: Elapsed time ==> 0s.001ms
<CYPRESSTAG name="Simulated Annealing Results">
The seed used for moves was 114161200.
Inital cost was 10, final cost is 10 (0.00% improvement).</CYPRESSTAG>
</CYPRESSTAG>
<CYPRESSTAG name="Final Placement Summary">

------------------------------------------------------------
Final Placement Summary
------------------------------------------------------------

       Resource Type :      Count : Avg Inputs : Avg Outputs
    ========================================================
                 UDB :          1 :       0.00 :       1.00
<CYPRESSTAG name="Final Placement Details">
<CYPRESSTAG name="Component Details">

------------------------------------------------------------
Component Placement Details
------------------------------------------------------------
UDB [UDB=(0,0)] contents:
LAB@[UDB=(0,0)][LB=0] #macrocells=1, #inputs=0, #pterms=0
{
    [McSlotId=0]:     MacroCell: Name=__ONE__, Mode=(Combinatorial) @ [UDB=(0,0)][LB=0][MC=0]
        Total # of inputs        : 0
        Total # of product terms : 0
            Clock Enable: True
        Main Equation            : 0 pterms
        !(
            0
        );
        Output = __ONE__ (fanout=3)
        Properties               : 
        {
        }

    [McSlotId=1]: (empty)
    [McSlotId=2]: (empty)
    [McSlotId=3]: (empty)
}

Intr hod @ [IntrHod=(0)]: 
  Intr@ [IntrHod=(0)][IntrId=(15)] 
    interrupt: Name =\CapSense_1:ISR\
        PORT MAP (
            interrupt => \CapSense_1:Net_248\ );
        Properties:
        {
            int_type = "10"
        }
Port 0 is empty
Port 1 is empty
Port 2 contains the following IO cells:
[IoId=0]: 
Pin : Name = \CapSense_1:Sns(0)\
    Attributes:
        Alias: ProximitySensor_0__PROX
        In Group/Port: True
        In Sync Option: AUTO
        Out Sync Option: AUTO
        Interrupt generated: False
        Interrupt mode: NONE
        Drive mode: HI_Z_ANALOG
        VTrip: EITHER
        Slew: FAST
        Input Sync needed: False
        Output Sync needed: False
        SC shield enabled: False
        POR State: ANY
        LCD Mode: COMMON
        Register Mode: RegComb
        CaSense Mode: NEITHER
        Treat as pin: True
        Is OE Registered: False
        Uses Analog: True
        Can contain Digital: False
        Is SIO: False
        SIO Output Buf: NONREGULATED
        SIO Input Buf: SINGLE_ENDED
        SIO HiFreq: LOW
        SIO Hyst: DISABLED
        SIO Vtrip: MULTIPLIER_0_5
        SIO RefSel: VCC_IO
        Required Capabilitites: ANALOG
        Initial Value: 1
        IO Voltage: 0
    PORT MAP (
        pa_out => \CapSense_1:Sns(0)\__PA ,
        analog_term => \CapSense_1:Net_245\ ,
        pad => \CapSense_1:Sns(0)_PAD\ );
    Properties:
    {
    }

[IoId=4]: 
Pin : Name = LED0(0)
    Attributes:
        In Group/Port: True
        In Sync Option: AUTO
        Out Sync Option: NOSYNC
        Interrupt generated: False
        Interrupt mode: NONE
        Drive mode: CMOS_OUT
        VTrip: EITHER
        Slew: FAST
        Input Sync needed: False
        Output Sync needed: False
        SC shield enabled: False
        POR State: ANY
        LCD Mode: COMMON
        Register Mode: RegComb
        CaSense Mode: NEITHER
        Treat as pin: True
        Is OE Registered: False
        Uses Analog: False
        Can contain Digital: True
        Is SIO: False
        SIO Output Buf: NONREGULATED
        SIO Input Buf: SINGLE_ENDED
        SIO HiFreq: LOW
        SIO Hyst: DISABLED
        SIO Vtrip: MULTIPLIER_0_5
        SIO RefSel: VCC_IO
        Required Capabilitites: DIGITAL
        Initial Value: 0
        IO Voltage: 0
    PORT MAP (
        pa_out => LED0(0)__PA ,
        pad => LED0(0)_PAD );
    Properties:
    {
    }

[IoId=6]: 
Pin : Name = LED1(0)
    Attributes:
        In Group/Port: True
        In Sync Option: AUTO
        Out Sync Option: NOSYNC
        Interrupt generated: False
        Interrupt mode: NONE
        Drive mode: CMOS_OUT
        VTrip: EITHER
        Slew: FAST
        Input Sync needed: False
        Output Sync needed: False
        SC shield enabled: False
        POR State: ANY
        LCD Mode: COMMON
        Register Mode: RegComb
        CaSense Mode: NEITHER
        Treat as pin: True
        Is OE Registered: False
        Uses Analog: False
        Can contain Digital: True
        Is SIO: False
        SIO Output Buf: NONREGULATED
        SIO Input Buf: SINGLE_ENDED
        SIO HiFreq: LOW
        SIO Hyst: DISABLED
        SIO Vtrip: MULTIPLIER_0_5
        SIO RefSel: VCC_IO
        Required Capabilitites: DIGITAL
        Initial Value: 0
        IO Voltage: 0
    PORT MAP (
        pa_out => LED1(0)__PA ,
        pad => LED1(0)_PAD );
    Properties:
    {
    }

Port 3 is empty
Port 4 contains the following IO cells:
[IoId=2]: 
Pin : Name = \CapSense_1:Cmod(0)\
    Attributes:
        Alias: Cmod
        In Group/Port: True
        In Sync Option: AUTO
        Out Sync Option: AUTO
        Interrupt generated: False
        Interrupt mode: NONE
        Drive mode: HI_Z_ANALOG
        VTrip: EITHER
        Slew: FAST
        Input Sync needed: False
        Output Sync needed: False
        SC shield enabled: False
        POR State: ANY
        LCD Mode: COMMON
        Register Mode: RegComb
        CaSense Mode: NEITHER
        Treat as pin: True
        Is OE Registered: False
        Uses Analog: True
        Can contain Digital: False
        Is SIO: False
        SIO Output Buf: NONREGULATED
        SIO Input Buf: SINGLE_ENDED
        SIO HiFreq: LOW
        SIO Hyst: DISABLED
        SIO Vtrip: MULTIPLIER_0_5
        SIO RefSel: VCC_IO
        Required Capabilitites: ANALOG
        Initial Value: 1
        IO Voltage: 0
    PORT MAP (
        pa_out => \CapSense_1:Cmod(0)\__PA ,
        analog_term => \CapSense_1:Net_398\ ,
        pad => \CapSense_1:Cmod(0)_PAD\ ,
        input => __ONE__ );
    Properties:
    {
    }

Clock group 0: 
    M0S8 Clock Block @ [FFB(Clock,0)]: 
    m0s8clockblockcell: Name =ClockBlock
        PORT MAP (
            dsi_in_0 => ClockBlock_Routed1 ,
            lfclk => ClockBlock_LFCLK ,
            ilo => ClockBlock_ILO ,
            sysclk => ClockBlock_SYSCLK ,
            ext => ClockBlock_EXTCLK ,
            imo => ClockBlock_IMO ,
            hfclk => ClockBlock_HFCLK ,
            ff_div_6 => \CapSense_1:Net_420_ff6\ ,
            ff_div_5 => \CapSense_1:Net_429_ff5\ );
        Properties:
        {
        }
PM group 0: empty
SPC group 0: empty
WDT group 0: empty
FSS group 0: empty
Low Power Comparator group 0: empty
Serial Communication Block group 0: empty
CSD Fixed Block group 0: 
    PSoC4 CSD Fixed Block @ [FFB(CSD,0)]:
        p4csdcell: Name =\CapSense_1:CSD_FFB\
            PORT MAP (
                source => \CapSense_1:Net_245\ ,
                shield => \CapSense_1:Net_241\ ,
                csh => \CapSense_1:Net_246\ ,
                cmod => \CapSense_1:Net_398\ ,
                sense_out => \CapSense_1:Net_329\ ,
                sample_out => \CapSense_1:Net_328\ ,
                clk1 => \CapSense_1:Net_429_ff5\ ,
                clk2 => \CapSense_1:Net_420_ff6\ ,
                irq => \CapSense_1:Net_248\ );
            Properties:
            {
                cy_registers = ""
                is_cmod_charge = 0
                is_csh_charge = 0
                is_mutual = 0
                sensors_count = 1
                shield_count = 1
            }
8-bit CapSense IDAC group 0: 
    PSoC4 8-bit CapSense IDAC @ [FFB(CSIDAC8,0)]:
        p4csidac8cell: Name =\CapSense_1:IDAC1:cy_psoc4_idac\
            PORT MAP (
                en => __ONE__ );
            Properties:
            {
                cy_registers = ""
                resolution = 8
            }
7-bit CapSense IDAC group 0: 
    PSoC4 7-bit CapSense IDAC @ [FFB(CSIDAC7,0)]:
        p4csidac7cell: Name =\CapSense_1:IDAC2:cy_psoc4_idac\
            PORT MAP (
                en => __ONE__ );
            Properties:
            {
                cy_registers = ""
                resolution = 7
            }
TCPWM Block group 0: empty
Comparator/Opamp Fixed Block group 0: empty
Temperature Sensor group 0: empty
SAR Fixed Block group 0: empty
Segment LCD Block group 0: empty
CLK_GEN group 0: 
    M0S8 Clock Gen Block @ [FFB(CLK_GEN,0)]: 
    m0s8clockgenblockcell: Name =ClockGenBlock
        PORT MAP (
             );
        Properties:
        {
        }
LPCOMPBLOCK group 0: empty
CTBMBLOCK group 0: empty
ANAPUMP group 0: empty
</CYPRESSTAG>
<CYPRESSTAG name="Port Configuration Details">

------------------------------------------------------------
Port Configuration report
------------------------------------------------------------
     |     |       | Interrupt |                  |                      | 
Port | Pin | Fixed |      Type |       Drive Mode |                 Name | Connections
-----+-----+-------+-----------+------------------+----------------------+------------------------------------------
   2 |   0 |     * |      NONE |      HI_Z_ANALOG |  \CapSense_1:Sns(0)\ | Analog(\CapSense_1:Net_245\)
     |   4 |     * |      NONE |         CMOS_OUT |              LED0(0) | 
     |   6 |     * |      NONE |         CMOS_OUT |              LED1(0) | 
-----+-----+-------+-----------+------------------+----------------------+------------------------------------------
   4 |   2 |     * |      NONE |      HI_Z_ANALOG | \CapSense_1:Cmod(0)\ | In(__ONE__), Analog(\CapSense_1:Net_398\)
--------------------------------------------------------------------------------------------------------------------
</CYPRESSTAG>
</CYPRESSTAG>
</CYPRESSTAG>
Digital component placer commit/Report: Elapsed time ==> 0s.001ms
Digital Placement phase: Elapsed time ==> 0s.545ms
</CYPRESSTAG>
<CYPRESSTAG name="Digital Routing">
Routing successful.
Digital Routing phase: Elapsed time ==> 0s.437ms
</CYPRESSTAG>
<CYPRESSTAG name="Bitstream and API generation">
Bitstream and API generation phase: Elapsed time ==> 0s.114ms
</CYPRESSTAG>
<CYPRESSTAG name="Bitstream verification">
Bitstream verification phase: Elapsed time ==> 0s.030ms
</CYPRESSTAG>
<CYPRESSTAG name="Static timing analysis">
Timing report is in psoc_coinsensor_timing.html.
Static timing analysis phase: Elapsed time ==> 0s.136ms
</CYPRESSTAG>
<CYPRESSTAG name="Data reporting">
Data reporting phase: Elapsed time ==> 0s.000ms
</CYPRESSTAG>
<CYPRESSTAG name="Database update...">
Design database save phase: Elapsed time ==> 0s.149ms
</CYPRESSTAG>
cydsfit: Elapsed time ==> 2s.045ms
</CYPRESSTAG>
Fitter phase: Elapsed time ==> 2s.097ms
API generation phase: Elapsed time ==> 0s.648ms
Dependency generation phase: Elapsed time ==> 0s.015ms
Cleanup phase: Elapsed time ==> 0s.003ms
